# JRE version: Java(TM) SE Runtime Environment (14.0.2+12) (build 14.0.2+12-46)
# Java VM: Java HotSpot(TM) 64-Bit Server VM (14.0.2+12-46, mixed mode, sharing, tiered, compressed oops, g1 gc, windows-amd64)
Heap:
 garbage-first heap   total 701440K, used 136704K [0x0000000081800000, 0x0000000100000000)
  region size 1024K, 7 young (7168K), 7 survivors (7168K)
 Metaspace       used 25983K, capacity 26877K, committed 27184K, reserved 1073152K
  class space    used 3388K, capacity 3790K, committed 3888K, reserved 1048576K
GC Heap History (20 events):
Event: 10.673 GC heap after
{Heap after GC invocations=13 (full 0):
 garbage-first heap   total 107520K, used 68362K [0x0000000081800000, 0x0000000100000000)
  region size 1024K, 1 young (1024K), 1 survivors (1024K)
 Metaspace       used 25873K, capacity 26742K, committed 26928K, reserved 1073152K
  class space    used 3387K, capacity 3789K, committed 3888K, reserved 1048576K
}
Event: 10.821 GC heap before
{Heap before GC invocations=14 (full 0):
 garbage-first heap   total 107520K, used 79626K [0x0000000081800000, 0x0000000100000000)
  region size 1024K, 10 young (10240K), 1 survivors (1024K)
 Metaspace       used 25877K, capacity 26742K, committed 26928K, reserved 1073152K
  class space    used 3387K, capacity 3789K, committed 3888K, reserved 1048576K
}
Event: 10.831 GC heap after
{Heap after GC invocations=15 (full 0):
 garbage-first heap   total 107520K, used 74369K [0x0000000081800000, 0x0000000100000000)
  region size 1024K, 2 young (2048K), 2 survivors (2048K)
 Metaspace       used 25877K, capacity 26742K, committed 26928K, reserved 1073152K
  class space    used 3387K, capacity 3789K, committed 3888K, reserved 1048576K
}
Event: 10.839 GC heap before
{Heap before GC invocations=15 (full 0):
 garbage-first heap   total 107520K, used 77441K [0x0000000081800000, 0x0000000100000000)
  region size 1024K, 5 young (5120K), 2 survivors (2048K)
 Metaspace       used 25877K, capacity 26742K, committed 26928K, reserved 1073152K
  class space    used 3387K, capacity 3789K, committed 3888K, reserved 1048576K
}
Event: 10.854 GC heap after
{Heap after GC invocations=16 (full 0):
 garbage-first heap   total 129024K, used 68854K [0x0000000081800000, 0x0000000100000000)
  region size 1024K, 1 young (1024K), 1 survivors (1024K)
 Metaspace       used 25877K, capacity 26742K, committed 26928K, reserved 1073152K
  class space    used 3387K, capacity 3789K, committed 3888K, reserved 1048576K
}
Event: 10.862 GC heap before
{Heap before GC invocations=16 (full 0):
 garbage-first heap   total 129024K, used 73974K [0x0000000081800000, 0x0000000100000000)
  region size 1024K, 6 young (6144K), 1 survivors (1024K)
 Metaspace       used 25898K, capacity 26806K, committed 26928K, reserved 1073152K
  class space    used 3387K, capacity 3789K, committed 3888K, reserved 1048576K
}
Event: 10.881 GC heap after
{Heap after GC invocations=17 (full 0):
 garbage-first heap   total 129024K, used 65227K [0x0000000081800000, 0x0000000100000000)
  region size 1024K, 1 young (1024K), 1 survivors (1024K)
 Metaspace       used 25898K, capacity 26806K, committed 26928K, reserved 1073152K
  class space    used 3387K, capacity 3789K, committed 3888K, reserved 1048576K
}
Event: 11.031 GC heap before
{Heap before GC invocations=17 (full 0):
 garbage-first heap   total 129024K, used 77515K [0x0000000081800000, 0x0000000100000000)
  region size 1024K, 14 young (14336K), 1 survivors (1024K)
 Metaspace       used 25909K, capacity 26806K, committed 26928K, reserved 1073152K
  class space    used 3387K, capacity 3789K, committed 3888K, reserved 1048576K
}
Event: 11.043 GC heap after
{Heap after GC invocations=18 (full 0):
 garbage-first heap   total 129024K, used 71680K [0x0000000081800000, 0x0000000100000000)
  region size 1024K, 3 young (3072K), 3 survivors (3072K)
 Metaspace       used 25909K, capacity 26806K, committed 26928K, reserved 1073152K
  class space    used 3387K, capacity 3789K, committed 3888K, reserved 1048576K
}
Event: 11.075 GC heap before
{Heap before GC invocations=18 (full 0):
 garbage-first heap   total 129024K, used 91136K [0x0000000081800000, 0x0000000100000000)
  region size 1024K, 19 young (19456K), 3 survivors (3072K)
 Metaspace       used 25911K, capacity 26806K, committed 26928K, reserved 1073152K
  class space    used 3387K, capacity 3789K, committed 3888K, reserved 1048576K
}
Event: 11.101 GC heap after
{Heap after GC invocations=19 (full 0):
 garbage-first heap   total 129024K, used 86985K [0x0000000081800000, 0x0000000100000000)
  region size 1024K, 3 young (3072K), 3 survivors (3072K)
 Metaspace       used 25911K, capacity 26806K, committed 26928K, reserved 1073152K
  class space    used 3387K, capacity 3789K, committed 3888K, reserved 1048576K
}
Event: 11.259 GC heap before
{Heap before GC invocations=20 (full 0):
 garbage-first heap   total 129024K, used 75721K [0x0000000081800000, 0x0000000100000000)
  region size 1024K, 13 young (13312K), 3 survivors (3072K)
 Metaspace       used 25914K, capacity 26807K, committed 26928K, reserved 1073152K
  class space    used 3387K, capacity 3789K, committed 3888K, reserved 1048576K
}
Event: 11.273 GC heap after
{Heap after GC invocations=21 (full 0):
 garbage-first heap   total 258048K, used 70615K [0x0000000081800000, 0x0000000100000000)
  region size 1024K, 2 young (2048K), 2 survivors (2048K)
 Metaspace       used 25914K, capacity 26807K, committed 26928K, reserved 1073152K
  class space    used 3387K, capacity 3789K, committed 3888K, reserved 1048576K
}
Event: 11.293 GC heap before
{Heap before GC invocations=21 (full 0):
 garbage-first heap   total 258048K, used 81879K [0x0000000081800000, 0x0000000100000000)
  region size 1024K, 12 young (12288K), 2 survivors (2048K)
 Metaspace       used 25927K, capacity 26807K, committed 26928K, reserved 1073152K
  class space    used 3387K, capacity 3789K, committed 3888K, reserved 1048576K
}
Event: 11.320 GC heap after
{Heap after GC invocations=22 (full 0):
 garbage-first heap   total 258048K, used 65150K [0x0000000081800000, 0x0000000100000000)
  region size 1024K, 2 young (2048K), 2 survivors (2048K)
 Metaspace       used 25927K, capacity 26807K, committed 26928K, reserved 1073152K
  class space    used 3387K, capacity 3789K, committed 3888K, reserved 1048576K
}
Event: 11.768 GC heap before
{Heap before GC invocations=22 (full 0):
 garbage-first heap   total 258048K, used 131710K [0x0000000081800000, 0x0000000100000000)
  region size 1024K, 59 young (60416K), 2 survivors (2048K)
 Metaspace       used 25949K, capacity 26877K, committed 27184K, reserved 1073152K
  class space    used 3388K, capacity 3790K, committed 3888K, reserved 1048576K
}
Event: 11.809 GC heap after
{Heap after GC invocations=23 (full 0):
 garbage-first heap   total 258048K, used 94208K [0x0000000081800000, 0x0000000100000000)
  region size 1024K, 8 young (8192K), 8 survivors (8192K)
 Metaspace       used 25949K, capacity 26877K, committed 27184K, reserved 1073152K
  class space    used 3388K, capacity 3790K, committed 3888K, reserved 1048576K
}
Event: 12.438 GC heap before
{Heap before GC invocations=23 (full 0):
 garbage-first heap   total 258048K, used 157696K [0x0000000081800000, 0x0000000100000000)
  region size 1024K, 62 young (63488K), 8 survivors (8192K)
 Metaspace       used 25969K, capacity 26877K, committed 27184K, reserved 1073152K
  class space    used 3388K, capacity 3790K, committed 3888K, reserved 1048576K
}
Event: 12.486 GC heap after
{Heap after GC invocations=24 (full 0):
 garbage-first heap   total 258048K, used 119296K [0x0000000081800000, 0x0000000100000000)
  region size 1024K, 8 young (8192K), 8 survivors (8192K)
 Metaspace       used 25969K, capacity 26877K, committed 27184K, reserved 1073152K
  class space    used 3388K, capacity 3790K, committed 3888K, reserved 1048576K
}
Event: 13.043 GC heap before
{Heap before GC invocations=24 (full 0):
 garbage-first heap   total 258048K, used 168448K [0x0000000081800000, 0x0000000100000000)
  region size 1024K, 52 young (53248K), 8 survivors (8192K)
 Metaspace       used 25983K, capacity 26877K, committed 27184K, reserved 1073152K
  class space    used 3388K, capacity 3790K, committed 3888K, reserved 1048576K
}

